[2017-10-24 20:33:57] [INFO] Get domain: gxpan.cn record list success
[2017-10-24 20:33:57] [WARNING] Domain:gs-hc-and-cats.gxpan.cn no record
[2017-10-24 20:33:58] [INFO] success add domain:gs-hc-and-cats.gxpan.cn
[2017-10-24 20:33:58] [INFO] remark gxpan.cn 327452103 success
[2017-10-24 20:33:58] [INFO] Get domain: iplaygames.cn record list success
[2017-10-24 20:33:58] [WARNING] Domain:fk-beta-oss-kddn.iplaygames.cn no record
[2017-10-24 20:33:58] [INFO] success add domain:fk-beta-oss-kddn.iplaygames.cn
[2017-10-24 20:33:58] [INFO] remark iplaygames.cn 327452107 success
[2017-10-24 20:33:58] [INFO] Get domain: iplaygames.cn record list success
[2017-10-24 20:33:58] [WARNING] Domain:all-api-kdmj.iplaygames.cn no record
[2017-10-24 20:33:59] [INFO] success add domain:all-api-kdmj.iplaygames.cn
[2017-10-24 20:33:59] [INFO] remark iplaygames.cn 327452109 success
[2017-10-24 20:33:59] [INFO] Get domain: iplaygames.cn record list success
[2017-10-24 20:33:59] [WARNING] Domain:all-activity-kdmj.iplaygames.cn no record
[2017-10-24 20:34:00] [INFO] success add domain:all-activity-kdmj.iplaygames.cn
[2017-10-24 20:34:00] [INFO] remark iplaygames.cn 327452112 success
[2017-10-24 20:34:00] [INFO] Get domain: iplaygames.cn record list success
[2017-10-24 20:34:00] [WARNING] Domain:all-static-kdmj.iplaygames.cn no record
[2017-10-24 20:34:00] [INFO] success add domain:all-static-kdmj.iplaygames.cn
[2017-10-24 20:34:00] [INFO] remark iplaygames.cn 327452114 success
[2017-10-24 20:34:01] [INFO] Get domain: iplaygames.cn record list success
[2017-10-24 20:34:01] [WARNING] Domain:all-upload-kdmj.iplaygames.cn no record
[2017-10-24 20:34:01] [INFO] success add domain:all-upload-kdmj.iplaygames.cn
[2017-10-24 20:34:01] [INFO] remark iplaygames.cn 327452119 success
[2017-10-24 20:34:01] [INFO] Get domain: iplaygames.cn record list success
[2017-10-24 20:34:01] [WARNING] Domain:all-game-kdmj.iplaygames.cn no record
[2017-10-24 20:34:02] [INFO] success add domain:all-game-kdmj.iplaygames.cn
[2017-10-24 20:34:02] [INFO] remark iplaygames.cn 327452122 success
[2017-10-24 20:35:11] [INFO] Get domain: iplaygames.cn record list success
[2017-10-24 20:35:11] [WARNING] Domain:all-admin-kdmj.iplaygames.cn no record
[2017-10-24 20:35:12] [INFO] success add domain:all-admin-kdmj.iplaygames.cn
[2017-10-24 20:35:12] [INFO] remark iplaygames.cn 327452306 success
